<?xml version="1.0" encoding="UTF-8"?>
<testsuite xmlns:xsi="http://www.w3.org/2001/XMLSchema-instance" xsi:noNamespaceSchemaLocation="https://maven.apache.org/surefire/maven-surefire-plugin/xsd/surefire-test-report-3.0.xsd" version="3.0" name="com.lfx.demo.service.ArticleServiceTest$ArticleManagementTests" time="0.087" tests="9" errors="0" skipped="0" failures="0">
  <properties>
[...]
</properties>
  <testcase name="testAddArticle_NormalUser_Success" classname="com.lfx.demo.service.ArticleServiceTest$ArticleManagementTests" time="0.006">
    <system-out><![CDATA[01:39:50.299 [main] INFO com.lfx.demo.service.ArticleServiceImpl -- === 开始保存文章 ===
01:39:50.299 [main] INFO com.lfx.demo.service.ArticleServiceImpl -- 接收到的原始文章数据: Article{id=null, title='新动态', description='null', content='新内容', keywords='null', authorName='null', authorId=null, publisher='null', fileUrl='null', createTime=null, updateTime=null, status=null}
01:39:50.299 [main] INFO com.lfx.demo.service.ArticleServiceImpl -- 当前登录用户: id=1, name=normal_user, role=1
01:39:50.300 [main] INFO com.lfx.demo.service.ArticleServiceImpl -- 普通用户发布文章，状态设置为: PENDING
01:39:50.300 [main] INFO com.lfx.demo.service.ArticleServiceImpl -- 最终保存的文章数据: Article{id=null, title='新动态', description='null', content='新内容', keywords='null', authorName='null', authorId=1, publisher='normal_user', fileUrl='null', createTime=Sat Jul 12 01:39:50 CST 2025, updateTime=Sat Jul 12 01:39:50 CST 2025, status=PENDING}
01:39:50.300 [main] INFO com.lfx.demo.service.ArticleServiceImpl -- === 文章保存完成，返回新创建的文章，ID: null ===
]]></system-out>
  </testcase>
  <testcase name="testUpdateArticle_Success" classname="com.lfx.demo.service.ArticleServiceTest$ArticleManagementTests" time="0.005"/>
  <testcase name="testAddArticle_SuperAdmin_Success" classname="com.lfx.demo.service.ArticleServiceTest$ArticleManagementTests" time="0.009">
    <system-out><![CDATA[01:39:50.312 [main] INFO com.lfx.demo.service.ArticleServiceImpl -- === 开始保存文章 ===
01:39:50.314 [main] INFO com.lfx.demo.service.ArticleServiceImpl -- 接收到的原始文章数据: Article{id=null, title='新动态', description='null', content='新内容', keywords='null', authorName='null', authorId=null, publisher='null', fileUrl='null', createTime=null, updateTime=null, status=null}
01:39:50.314 [main] INFO com.lfx.demo.service.ArticleServiceImpl -- 当前登录用户: id=3, name=super_admin, role=3
01:39:50.315 [main] INFO com.lfx.demo.service.ArticleServiceImpl -- 超级管理员发布文章，状态设置为: PUBLISHED
01:39:50.315 [main] INFO com.lfx.demo.service.ArticleServiceImpl -- 最终保存的文章数据: Article{id=null, title='新动态', description='null', content='新内容', keywords='null', authorName='null', authorId=3, publisher='super_admin', fileUrl='null', createTime=Sat Jul 12 01:39:50 CST 2025, updateTime=Sat Jul 12 01:39:50 CST 2025, status=PUBLISHED}
01:39:50.315 [main] INFO com.lfx.demo.service.ArticleServiceImpl -- === 文章保存完成，返回新创建的文章，ID: null ===
]]></system-out>
  </testcase>
  <testcase name="testAddArticle_NotLoggedIn" classname="com.lfx.demo.service.ArticleServiceTest$ArticleManagementTests" time="0.007">
    <system-out><![CDATA[01:39:50.324 [main] INFO com.lfx.demo.service.ArticleServiceImpl -- === 开始保存文章 ===
01:39:50.324 [main] INFO com.lfx.demo.service.ArticleServiceImpl -- 接收到的原始文章数据: Article{id=null, title='null', description='null', content='null', keywords='null', authorName='null', authorId=null, publisher='null', fileUrl='null', createTime=null, updateTime=null, status=null}
]]></system-out>
  </testcase>
  <testcase name="testUpdateArticle_NoPermission" classname="com.lfx.demo.service.ArticleServiceTest$ArticleManagementTests" time="0.007"/>
  <testcase name="testDeleteArticle_NotFound" classname="com.lfx.demo.service.ArticleServiceTest$ArticleManagementTests" time="0.013"/>
  <testcase name="testUpdateArticle_NotFound" classname="com.lfx.demo.service.ArticleServiceTest$ArticleManagementTests" time="0.007"/>
  <testcase name="testDeleteArticle_Success" classname="com.lfx.demo.service.ArticleServiceTest$ArticleManagementTests" time="0.008"/>
  <testcase name="testDeleteArticle_NoPermission" classname="com.lfx.demo.service.ArticleServiceTest$ArticleManagementTests" time="0.008"/>
</testsuite>